0 info it worked if it ends with ok
1 verbose cli [ 'node', '/usr/local/bin/npm', 'version', 'patch' ]
2 info using npm@2.11.2
3 info using node@v0.12.5
4 info preversion twilio-thinq-node@1.0.2
5 info git [ 'status', '--porcelain' ]
6 verbose stack Error: Error: Git working directory not clean.
6 verbose stack M README.md
6 verbose stack M package.json
6 verbose stack     at /usr/local/lib/node_modules/npm/lib/version.js:71:23
6 verbose stack     at /usr/local/lib/node_modules/npm/lib/version.js:151:34
6 verbose stack     at ChildProcess.exithandler (child_process.js:742:7)
6 verbose stack     at ChildProcess.emit (events.js:110:17)
6 verbose stack     at maybeClose (child_process.js:1015:16)
6 verbose stack     at Process.ChildProcess._handle.onexit (child_process.js:1087:5)
7 verbose cwd /Volumes/Work/Work/Web/TwilioWrapperLibrary/node-library/twilio-thinq-node
8 error Darwin 14.0.0
9 error argv "node" "/usr/local/bin/npm" "version" "patch"
10 error node v0.12.5
11 error npm  v2.11.2
12 error Error: Git working directory not clean.
12 error M README.md
12 error M package.json
13 error If you need help, you may report this error at:
13 error     <https://github.com/npm/npm/issues>
14 verbose exit [ 1, true ]
